<?xml version="1.0" encoding="UTF-8"?>
<robot generator="Robot 3.2.1 (Python 3.8.0 on win32)" generated="20200526 17:54:10.302" rpa="false">
<suite id="s1" name="ContactManager" source="F:\DevelopmentPrograms\EclipsePrograms\Notify\TestSuites\Login\ContactManager.robot">
<test id="s1-t1" name="Verify the connection">
<kw name="Open test application" library="ContactManager" type="setup">
<kw name="Run Keyword If" library="BuiltIn">
<doc>Runs the given keyword with the given arguments, if ``condition`` is true.</doc>
<arguments>
<arg>'${OS}' == 'iOS'</arg>
<arg>Import Variables</arg>
<arg>${EXECDIR}/ObjectRepo/iOS/ObjectRepository.py</arg>
<arg>ELSE</arg>
<arg>Import Variables</arg>
<arg>${EXECDIR}/ObjectRepo/Android/ObjectRepository.py</arg>
</arguments>
<kw name="Import Variables" library="BuiltIn">
<doc>Imports a variable file with the given path and optional arguments.</doc>
<arguments>
<arg>${EXECDIR}/ObjectRepo/Android/ObjectRepository.py</arg>
</arguments>
<status status="PASS" starttime="20200526 17:54:11.049" endtime="20200526 17:54:11.051"></status>
</kw>
<status status="PASS" starttime="20200526 17:54:11.048" endtime="20200526 17:54:11.052"></status>
</kw>
<kw name="Open Application" library="AppiumLibrary">
<doc>Opens a new application to given Appium server.
Capabilities of appium server, Android and iOS,
Please check https://github.com/appium/appium/blob/master/docs/en/writing-running-appium/server-args.md
| *Option*            | *Man.* | *Description*     |
| remote_url          | Yes    | Appium server url |
| alias               | no     | alias             |</doc>
<arguments>
<arg>${APP_URL}</arg>
<arg>alias=None</arg>
<arg>platformName=${PLATFORM_NAME}</arg>
<arg>platformVersion=${PLATFORM_VERSION}</arg>
<arg>deviceName=${DEVICE_NAME}</arg>
<arg>deviceOrientation=${DEVICE_ORIENTATION}</arg>
<arg>appiumVersion=${APPIUM_VERSION}</arg>
<arg>app=${APP}</arg>
<arg>name=RobotAppiumAndroid</arg>
</arguments>
<status status="PASS" starttime="20200526 17:54:11.052" endtime="20200526 17:54:33.793"></status>
</kw>
<kw name="Create Directory" library="OperatingSystem">
<doc>Creates the specified directory.</doc>
<arguments>
<arg>${EXECDIR}/Report/${OS}/${TEST NAME}/</arg>
</arguments>
<msg timestamp="20200526 17:54:33.795" level="INFO" html="yes">Directory '&lt;a href="file://F:\DevelopmentPrograms\EclipsePrograms\Notify\Report\Android\Verify the connection"&gt;F:\DevelopmentPrograms\EclipsePrograms\Notify\Report\Android\Verify the connection&lt;/a&gt;' already exists.</msg>
<status status="PASS" starttime="20200526 17:54:33.794" endtime="20200526 17:54:33.796"></status>
</kw>
<kw name="Run Keyword If" library="BuiltIn">
<doc>Runs the given keyword with the given arguments, if ``condition`` is true.</doc>
<arguments>
<arg>'${OS}' == 'iOS'</arg>
<arg>Import Variables</arg>
<arg>${EXECDIR}/ObjectRepo/iOS/ObjectRepository.py</arg>
<arg>ELSE</arg>
<arg>Import Variables</arg>
<arg>${EXECDIR}/ObjectRepo/Android/ObjectRepository.py</arg>
</arguments>
<kw name="Import Variables" library="BuiltIn">
<doc>Imports a variable file with the given path and optional arguments.</doc>
<arguments>
<arg>${EXECDIR}/ObjectRepo/Android/ObjectRepository.py</arg>
</arguments>
<status status="PASS" starttime="20200526 17:54:33.797" endtime="20200526 17:54:33.800"></status>
</kw>
<status status="PASS" starttime="20200526 17:54:33.796" endtime="20200526 17:54:33.800"></status>
</kw>
<kw name="Capture Page Screenshot" library="AppiumLibrary">
<doc>Takes a screenshot of the current page and embeds it into the log.</doc>
<msg timestamp="20200526 17:54:37.259" level="INFO" html="yes">&lt;/td&gt;&lt;/tr&gt;&lt;tr&gt;&lt;td colspan="3"&gt;&lt;a href="appium-screenshot-1.png"&gt;&lt;img src="appium-screenshot-1.png" width="800px"&gt;&lt;/a&gt;</msg>
<status status="PASS" starttime="20200526 17:54:33.800" endtime="20200526 17:54:37.259"></status>
</kw>
<status status="PASS" starttime="20200526 17:54:11.048" endtime="20200526 17:54:37.260"></status>
</kw>
<kw name="Add Contact" library="ContactManager">
<kw name="Click Element" library="AppiumLibrary">
<doc>Click element identified by `locator`.</doc>
<arguments>
<arg>${Add_Contact}</arg>
</arguments>
<msg timestamp="20200526 17:54:37.270" level="INFO">Clicking element 'xpath=//android.widget.LinearLayout[1]/android.widget.FrameLayout[2]/android.widget.LinearLayout[1]/android.widget.Button[1]'.</msg>
<status status="PASS" starttime="20200526 17:54:37.262" endtime="20200526 17:54:38.195"></status>
</kw>
<kw name="Capture Page Screenshot" library="AppiumLibrary">
<doc>Takes a screenshot of the current page and embeds it into the log.</doc>
<msg timestamp="20200526 17:54:41.321" level="INFO" html="yes">&lt;/td&gt;&lt;/tr&gt;&lt;tr&gt;&lt;td colspan="3"&gt;&lt;a href="appium-screenshot-2.png"&gt;&lt;img src="appium-screenshot-2.png" width="800px"&gt;&lt;/a&gt;</msg>
<status status="PASS" starttime="20200526 17:54:38.195" endtime="20200526 17:54:41.322"></status>
</kw>
<status status="PASS" starttime="20200526 17:54:37.261" endtime="20200526 17:54:41.322"></status>
</kw>
<kw name="Create a new contact" library="ContactManager">
<kw name="Input Text" library="AppiumLibrary">
<doc>Types the given `text` into text field identified by `locator`.</doc>
<arguments>
<arg>${My_Name}</arg>
<arg>My Name</arg>
</arguments>
<msg timestamp="20200526 17:54:41.332" level="INFO">Typing text 'My Name' into text field 'xpath=//android.widget.LinearLayout[1]/android.widget.FrameLayout[2]/android.widget.ScrollView[1]/android.widget.TableLayout[1]/android.widget.TableRow[4]/android.widget.EditText[1]'</msg>
<status status="PASS" starttime="20200526 17:54:41.325" endtime="20200526 17:54:47.593"></status>
</kw>
<kw name="Input Text" library="AppiumLibrary">
<doc>Types the given `text` into text field identified by `locator`.</doc>
<arguments>
<arg>${My_Email}</arg>
<arg>myemail@email.com</arg>
</arguments>
<msg timestamp="20200526 17:54:47.600" level="INFO">Typing text 'myemail@email.com' into text field 'xpath=//android.widget.LinearLayout[1]/android.widget.FrameLayout[2]/android.widget.ScrollView[1]/android.widget.TableLayout[1]/android.widget.TableRow[8]/android.widget.EditText[1]'</msg>
<status status="PASS" starttime="20200526 17:54:47.594" endtime="20200526 17:54:55.601"></status>
</kw>
<kw name="Click Element" library="AppiumLibrary">
<doc>Click element identified by `locator`.</doc>
<arguments>
<arg>xpath=//android.widget.LinearLayout[1]/android.widget.FrameLayout[2]/android.widget.ScrollView[1]/android.widget.TableLayout[1]/android.widget.TableRow[9]/android.widget.Button[1]</arg>
</arguments>
<msg timestamp="20200526 17:54:55.605" level="INFO">Clicking element 'xpath=//android.widget.LinearLayout[1]/android.widget.FrameLayout[2]/android.widget.ScrollView[1]/android.widget.TableLayout[1]/android.widget.TableRow[9]/android.widget.Button[1]'.</msg>
<status status="PASS" starttime="20200526 17:54:55.601" endtime="20200526 17:54:57.102"></status>
</kw>
<kw name="Capture Page Screenshot" library="AppiumLibrary">
<doc>Takes a screenshot of the current page and embeds it into the log.</doc>
<msg timestamp="20200526 17:55:00.748" level="INFO" html="yes">&lt;/td&gt;&lt;/tr&gt;&lt;tr&gt;&lt;td colspan="3"&gt;&lt;a href="appium-screenshot-3.png"&gt;&lt;img src="appium-screenshot-3.png" width="800px"&gt;&lt;/a&gt;</msg>
<status status="PASS" starttime="20200526 17:54:57.103" endtime="20200526 17:55:00.749"></status>
</kw>
<status status="PASS" starttime="20200526 17:54:41.323" endtime="20200526 17:55:00.750"></status>
</kw>
<kw name="Close test application" library="ContactManager" type="teardown">
<kw name="Close All Applications" library="AppiumLibrary">
<doc>Closes all open applications.</doc>
<status status="PASS" starttime="20200526 17:55:00.753" endtime="20200526 17:55:03.678"></status>
</kw>
<kw name="Move Files" library="OperatingSystem">
<doc>Moves specified files to the target directory.</doc>
<arguments>
<arg>${EXECDIR}/*.png</arg>
<arg>${EXECDIR}/Report/${OS}/${TEST NAME}/</arg>
</arguments>
<msg timestamp="20200526 17:55:03.746" level="INFO" html="yes">Moved file from '&lt;a href="file://F:\DevelopmentPrograms\EclipsePrograms\Notify\appium-screenshot-1.png"&gt;F:\DevelopmentPrograms\EclipsePrograms\Notify\appium-screenshot-1.png&lt;/a&gt;' to '&lt;a href="file://F:\DevelopmentPrograms\EclipsePrograms\Notify\Report\Android\Verify the connection\appium-screenshot-1.png"&gt;F:\DevelopmentPrograms\EclipsePrograms\Notify\Report\Android\Verify the connection\appium-screenshot-1.png&lt;/a&gt;'.</msg>
<msg timestamp="20200526 17:55:03.752" level="INFO" html="yes">Moved file from '&lt;a href="file://F:\DevelopmentPrograms\EclipsePrograms\Notify\appium-screenshot-2.png"&gt;F:\DevelopmentPrograms\EclipsePrograms\Notify\appium-screenshot-2.png&lt;/a&gt;' to '&lt;a href="file://F:\DevelopmentPrograms\EclipsePrograms\Notify\Report\Android\Verify the connection\appium-screenshot-2.png"&gt;F:\DevelopmentPrograms\EclipsePrograms\Notify\Report\Android\Verify the connection\appium-screenshot-2.png&lt;/a&gt;'.</msg>
<msg timestamp="20200526 17:55:03.757" level="INFO" html="yes">Moved file from '&lt;a href="file://F:\DevelopmentPrograms\EclipsePrograms\Notify\appium-screenshot-3.png"&gt;F:\DevelopmentPrograms\EclipsePrograms\Notify\appium-screenshot-3.png&lt;/a&gt;' to '&lt;a href="file://F:\DevelopmentPrograms\EclipsePrograms\Notify\Report\Android\Verify the connection\appium-screenshot-3.png"&gt;F:\DevelopmentPrograms\EclipsePrograms\Notify\Report\Android\Verify the connection\appium-screenshot-3.png&lt;/a&gt;'.</msg>
<status status="PASS" starttime="20200526 17:55:03.679" endtime="20200526 17:55:03.758"></status>
</kw>
<status status="PASS" starttime="20200526 17:55:00.751" endtime="20200526 17:55:03.759"></status>
</kw>
<tags>
<tag>Regresssion</tag>
</tags>
<status status="PASS" starttime="20200526 17:54:11.045" endtime="20200526 17:55:03.760" critical="yes"></status>
</test>
<status status="PASS" starttime="20200526 17:54:10.309" endtime="20200526 17:55:03.762"></status>
</suite>
<statistics>
<total>
<stat pass="1" fail="0">Critical Tests</stat>
<stat pass="1" fail="0">All Tests</stat>
</total>
<tag>
<stat pass="1" fail="0">Regresssion</stat>
</tag>
<suite>
<stat pass="1" fail="0" id="s1" name="ContactManager">ContactManager</stat>
</suite>
</statistics>
<errors>
<msg timestamp="20200526 17:54:11.042" level="WARN">Imported library 'F:\DevelopmentPrograms\EclipsePrograms\Notify\CustomLibraries\ReusableLibrary.py' contains no keywords.</msg>
</errors>
</robot>
